[debug] [2022-03-17T20:14:57.625Z] ----------------------------------------------------------------------
[debug] [2022-03-17T20:14:57.629Z] Command:       C:\Program Files\nodejs\node.exe C:\Users\fagne\AppData\Roaming\npm\node_modules\firebase-tools\lib\bin\firebase.js serve --only functions
[debug] [2022-03-17T20:14:57.630Z] CLI Version:   7.12.1
[debug] [2022-03-17T20:14:57.630Z] Platform:      win32
[debug] [2022-03-17T20:14:57.630Z] Node Version:  v16.14.0
[debug] [2022-03-17T20:14:57.633Z] Time:          Thu Mar 17 2022 17:14:57 GMT-0300 (Horário Padrão de Brasília)
[debug] [2022-03-17T20:14:57.633Z] ----------------------------------------------------------------------
[debug] [2022-03-17T20:14:57.633Z] 
[debug] [2022-03-17T20:14:57.655Z] > command requires scopes: ["email","openid","https://www.googleapis.com/auth/cloudplatformprojects.readonly","https://www.googleapis.com/auth/firebase","https://www.googleapis.com/auth/cloud-platform"]
[debug] [2022-03-17T20:14:57.656Z] > authorizing via signed-in user
[debug] [2022-03-17T20:14:57.657Z] [iam] checking project advance-genre-288911 for permissions ["firebase.projects.get"]
[debug] [2022-03-17T20:14:57.660Z] >>> HTTP REQUEST POST https://cloudresourcemanager.googleapis.com/v1/projects/advance-genre-288911:testIamPermissions  

[debug] [2022-03-17T20:14:58.883Z] <<< HTTP RESPONSE 200
[debug] [2022-03-17T20:14:58.892Z] >>> HTTP REQUEST GET https://firebase.googleapis.com/v1beta1/projects/advance-genre-288911  
 
[debug] [2022-03-17T20:15:00.205Z] <<< HTTP RESPONSE 200
[warn] !  Your requested "node" version "16.14.0" doesn't match your global version "16"
[info] +  functions: Emulator started at http://localhost:5000
[info] i  functions: Watching "C:\Users\fagne\Documents\fireBaseWithTs\functions" for Cloud Functions...
[debug] [2022-03-17T20:15:00.574Z] [worker-pool] addWorker(~diagnostic~)
[debug] [2022-03-17T20:15:00.575Z] [worker-pool] Adding worker with key ~diagnostic~, total=1
[debug] [2022-03-17T20:15:00.576Z] [worker-pool] submitWork(triggerId=)
[debug] [2022-03-17T20:15:00.578Z] [worker-~diagnostic~-adcef1a9-804a-495a-82c2-b1cf7e349875]: Assigning socketPath: \\?\pipe\C:\Users\fagne\Documents\fireBaseWithTs\functions\780
[debug] [2022-03-17T20:15:00.580Z] [worker-~diagnostic~-adcef1a9-804a-495a-82c2-b1cf7e349875]: BUSY
[debug] [2022-03-17T20:15:01.448Z] [runtime-status] [780] Functions runtime initialized. {"cwd":"C:\\Users\\fagne\\Documents\\fireBaseWithTs\\functions","node_version":"16.14.0"}
[info] >  (node:780) Warning: Accessing non-existent property 'padLevels' of module exports inside circular dependency
[info] >  (Use `node --trace-warnings ...` to show where the warning was created)
[debug] [2022-03-17T20:15:01.452Z] [runtime-status] [780] Disabled runtime features: {"functions_config_helper":true,"network_filtering":true,"timeout":true,"memory_limiting":true,"admin_stubs":true,"pubsub_emulator":true}
[debug] [2022-03-17T20:15:01.456Z] [runtime-status] [780] Resolved module firebase-admin {"declared":true,"installed":true,"version":"8.13.0","resolution":"C:\\Users\\fagne\\Documents\\fireBaseWithTs\\functions\\node_modules\\firebase-admin\\lib\\index.js"}
[debug] [2022-03-17T20:15:01.464Z] [runtime-status] [780] Resolved module firebase-functions {"declared":true,"installed":true,"version":"3.19.0","resolution":"C:\\Users\\fagne\\Documents\\fireBaseWithTs\\functions\\node_modules\\firebase-functions\\lib\\index.js"}
[debug] [2022-03-17T20:15:01.467Z] [runtime-status] [780] Resolved module firebase-functions {"declared":true,"installed":true,"version":"3.19.0","resolution":"C:\\Users\\fagne\\Documents\\fireBaseWithTs\\functions\\node_modules\\firebase-functions\\lib\\index.js"}
[info] +  functions[firstApiWithFirebase]: http function initialized (http://localhost:5000/advance-genre-288911/us-central1/firstApiWithFirebase).
[debug] [2022-03-17T20:15:02.212Z] [worker-~diagnostic~-adcef1a9-804a-495a-82c2-b1cf7e349875]: IDLE
[debug] [2022-03-17T20:15:07.486Z] [work-queue] {"queueLength":1,"workRunningCount":0}
[debug] [2022-03-17T20:15:07.487Z] [work-queue] {"queueLength":0,"workRunningCount":1}
[debug] [2022-03-17T20:15:07.487Z] Accepted request GET /advance-genre-288911/us-central1/firstApiWithFirebase --> firstApiWithFirebase
[debug] [2022-03-17T20:15:07.508Z] [worker-pool] addWorker(firstApiWithFirebase)
[debug] [2022-03-17T20:15:07.509Z] [worker-pool] Adding worker with key firstApiWithFirebase, total=1
[debug] [2022-03-17T20:15:07.509Z] [worker-pool] submitWork(triggerId=firstApiWithFirebase)
[debug] [2022-03-17T20:15:07.509Z] [worker-firstApiWithFirebase-efd1511c-1417-411e-889c-bada6de7b314]: Assigning socketPath: \\?\pipe\C:\Users\fagne\Documents\fireBaseWithTs\functions\9220
[debug] [2022-03-17T20:15:07.510Z] [worker-firstApiWithFirebase-efd1511c-1417-411e-889c-bada6de7b314]: BUSY
[debug] [2022-03-17T20:15:08.578Z] [runtime-status] [9220] Functions runtime initialized. {"cwd":"C:\\Users\\fagne\\Documents\\fireBaseWithTs\\functions","node_version":"16.14.0"}
[info] >  (node:9220) Warning: Accessing non-existent property 'padLevels' of module exports inside circular dependency
[info] >  (Use `node --trace-warnings ...` to show where the warning was created)
[debug] [2022-03-17T20:15:08.589Z] [runtime-status] [9220] Disabled runtime features: {"functions_config_helper":true,"network_filtering":true,"timeout":true,"memory_limiting":true,"admin_stubs":true,"pubsub_emulator":true}
[debug] [2022-03-17T20:15:08.599Z] [runtime-status] [9220] Resolved module firebase-admin {"declared":true,"installed":true,"version":"8.13.0","resolution":"C:\\Users\\fagne\\Documents\\fireBaseWithTs\\functions\\node_modules\\firebase-admin\\lib\\index.js"}
[debug] [2022-03-17T20:15:08.612Z] [runtime-status] [9220] Resolved module firebase-functions {"declared":true,"installed":true,"version":"3.19.0","resolution":"C:\\Users\\fagne\\Documents\\fireBaseWithTs\\functions\\node_modules\\firebase-functions\\lib\\index.js"}
[debug] [2022-03-17T20:15:08.620Z] [runtime-status] [9220] Resolved module firebase-functions {"declared":true,"installed":true,"version":"3.19.0","resolution":"C:\\Users\\fagne\\Documents\\fireBaseWithTs\\functions\\node_modules\\firebase-functions\\lib\\index.js"}
[debug] [2022-03-17T20:15:09.943Z] [runtime-status] [9220] Trigger "firstApiWithFirebase" has been found, beginning invocation!
[info] i  functions: Beginning execution of "firstApiWithFirebase"
[debug] [2022-03-17T20:15:09.945Z] [runtime-status] [9220] triggerDefinition {"httpsTrigger":{},"name":"firstApiWithFirebase","entryPoint":"firstApiWithFirebase"}
[debug] [2022-03-17T20:15:09.946Z] [runtime-status] [9220] Running firstApiWithFirebase in mode HTTPS
[debug] [2022-03-17T20:15:09.954Z] [runtime-status] [9220] Attempting to listen to socketPath: \\?\pipe\C:\Users\fagne\Documents\fireBaseWithTs\functions\9220
[debug] [2022-03-17T20:15:09.964Z] [functions] Runtime ready! Sending request!
[debug] [2022-03-17T20:15:09.980Z] [runtime-status] [9220] Ephemeral server handling GET request
[debug] [2022-03-17T20:15:09.985Z] [runtime-status] [9220] Ephemeral server survived.
[info] i  functions: Finished "firstApiWithFirebase" in ~1s
[debug] [2022-03-17T20:15:10.005Z] [worker-firstApiWithFirebase-efd1511c-1417-411e-889c-bada6de7b314]: IDLE
[debug] [2022-03-17T20:15:10.006Z] [work-queue] {"queueLength":0,"workRunningCount":0}
[debug] [2022-03-17T20:16:00.298Z] [work-queue] {"queueLength":1,"workRunningCount":0}
[debug] [2022-03-17T20:16:00.299Z] [work-queue] {"queueLength":0,"workRunningCount":1}
[debug] [2022-03-17T20:16:00.299Z] Accepted request POST /advance-genre-288911/us-central1/firstApiWithFirebase --> firstApiWithFirebase
[debug] [2022-03-17T20:16:00.299Z] [worker-pool] submitWork(triggerId=firstApiWithFirebase)
[debug] [2022-03-17T20:16:00.300Z] [worker-firstApiWithFirebase-efd1511c-1417-411e-889c-bada6de7b314]: Assigning socketPath: \\?\pipe\C:\Users\fagne\Documents\fireBaseWithTs\functions\9220
[debug] [2022-03-17T20:16:00.300Z] [worker-firstApiWithFirebase-efd1511c-1417-411e-889c-bada6de7b314]: BUSY
[debug] [2022-03-17T20:16:00.302Z] [runtime-status] [9220] Trigger "firstApiWithFirebase" has been found, beginning invocation!
[info] i  functions: Beginning execution of "firstApiWithFirebase"
[debug] [2022-03-17T20:16:00.305Z] [runtime-status] [9220] triggerDefinition {"httpsTrigger":{},"name":"firstApiWithFirebase","entryPoint":"firstApiWithFirebase"}
[debug] [2022-03-17T20:16:00.307Z] [runtime-status] [9220] Running firstApiWithFirebase in mode HTTPS
[debug] [2022-03-17T20:16:00.310Z] [runtime-status] [9220] Attempting to listen to socketPath: \\?\pipe\C:\Users\fagne\Documents\fireBaseWithTs\functions\9220
[debug] [2022-03-17T20:16:00.316Z] [functions] Runtime ready! Sending request!
[debug] [2022-03-17T20:16:00.589Z] [runtime-status] [9220] Ephemeral server handling POST request
[debug] [2022-03-17T20:16:00.593Z] [runtime-status] [9220] Ephemeral server survived.
[info] i  functions: Finished "firstApiWithFirebase" in ~1s
[debug] [2022-03-17T20:16:00.606Z] [worker-firstApiWithFirebase-efd1511c-1417-411e-889c-bada6de7b314]: IDLE
[debug] [2022-03-17T20:16:00.609Z] [work-queue] {"queueLength":0,"workRunningCount":0}
[debug] [2022-03-17T20:17:37.469Z] [work-queue] {"queueLength":1,"workRunningCount":0}
[debug] [2022-03-17T20:17:37.470Z] [work-queue] {"queueLength":0,"workRunningCount":1}
[debug] [2022-03-17T20:17:37.470Z] Accepted request POST /advance-genre-288911/us-central1/firstApiWithFirebase --> firstApiWithFirebase
[debug] [2022-03-17T20:17:37.470Z] [worker-pool] submitWork(triggerId=firstApiWithFirebase)
[debug] [2022-03-17T20:17:37.470Z] [worker-firstApiWithFirebase-efd1511c-1417-411e-889c-bada6de7b314]: Assigning socketPath: \\?\pipe\C:\Users\fagne\Documents\fireBaseWithTs\functions\9220
[debug] [2022-03-17T20:17:37.470Z] [worker-firstApiWithFirebase-efd1511c-1417-411e-889c-bada6de7b314]: BUSY
[debug] [2022-03-17T20:17:37.472Z] [runtime-status] [9220] Trigger "firstApiWithFirebase" has been found, beginning invocation!
[info] i  functions: Beginning execution of "firstApiWithFirebase"
[debug] [2022-03-17T20:17:37.474Z] [runtime-status] [9220] triggerDefinition {"httpsTrigger":{},"name":"firstApiWithFirebase","entryPoint":"firstApiWithFirebase"}
[debug] [2022-03-17T20:17:37.475Z] [runtime-status] [9220] Running firstApiWithFirebase in mode HTTPS
[debug] [2022-03-17T20:17:37.475Z] [runtime-status] [9220] Attempting to listen to socketPath: \\?\pipe\C:\Users\fagne\Documents\fireBaseWithTs\functions\9220
[debug] [2022-03-17T20:17:37.478Z] [functions] Runtime ready! Sending request!
[debug] [2022-03-17T20:17:37.485Z] [runtime-status] [9220] Ephemeral server handling POST request
[debug] [2022-03-17T20:17:37.486Z] [runtime-status] [9220] Ephemeral server survived.
[info] i  functions: Finished "firstApiWithFirebase" in ~1s
[debug] [2022-03-17T20:17:37.491Z] [worker-firstApiWithFirebase-efd1511c-1417-411e-889c-bada6de7b314]: IDLE
[debug] [2022-03-17T20:17:37.491Z] [work-queue] {"queueLength":0,"workRunningCount":0}
[debug] [2022-03-17T20:35:07.119Z] [work-queue] {"queueLength":1,"workRunningCount":0}
[debug] [2022-03-17T20:35:07.120Z] [work-queue] {"queueLength":0,"workRunningCount":1}
[debug] [2022-03-17T20:35:07.120Z] Accepted request POST /advance-genre-288911/us-central1/firstApiWithFirebase --> firstApiWithFirebase
[debug] [2022-03-17T20:35:07.123Z] [worker-pool] submitWork(triggerId=firstApiWithFirebase)
[debug] [2022-03-17T20:35:07.123Z] [worker-firstApiWithFirebase-efd1511c-1417-411e-889c-bada6de7b314]: Assigning socketPath: \\?\pipe\C:\Users\fagne\Documents\fireBaseWithTs\functions\9220
[debug] [2022-03-17T20:35:07.124Z] [worker-firstApiWithFirebase-efd1511c-1417-411e-889c-bada6de7b314]: BUSY
[debug] [2022-03-17T20:35:07.126Z] [runtime-status] [9220] Trigger "firstApiWithFirebase" has been found, beginning invocation!
[info] i  functions: Beginning execution of "firstApiWithFirebase"
[debug] [2022-03-17T20:35:07.131Z] [runtime-status] [9220] triggerDefinition {"httpsTrigger":{},"name":"firstApiWithFirebase","entryPoint":"firstApiWithFirebase"}
[debug] [2022-03-17T20:35:07.132Z] [runtime-status] [9220] Running firstApiWithFirebase in mode HTTPS
[debug] [2022-03-17T20:35:07.133Z] [runtime-status] [9220] Attempting to listen to socketPath: \\?\pipe\C:\Users\fagne\Documents\fireBaseWithTs\functions\9220
[debug] [2022-03-17T20:35:07.136Z] [functions] Runtime ready! Sending request!
[debug] [2022-03-17T20:35:07.151Z] [runtime-status] [9220] Ephemeral server handling POST request
[debug] [2022-03-17T20:35:07.158Z] [runtime-status] [9220] Ephemeral server survived.
[info] i  functions: Finished "firstApiWithFirebase" in ~1s
[debug] [2022-03-17T20:35:07.166Z] [worker-firstApiWithFirebase-efd1511c-1417-411e-889c-bada6de7b314]: IDLE
[debug] [2022-03-17T20:35:07.166Z] [work-queue] {"queueLength":0,"workRunningCount":0}
[debug] [2022-03-17T20:36:41.159Z] File C:\Users\fagne\Documents\fireBaseWithTs\functions\src\User.ts changed, reloading triggers
[debug] [2022-03-17T20:36:42.164Z] [worker-pool] Shutting down IDLE worker (~diagnostic~)
[debug] [2022-03-17T20:36:42.165Z] [worker-~diagnostic~-adcef1a9-804a-495a-82c2-b1cf7e349875]: FINISHING
[debug] [2022-03-17T20:36:42.166Z] [worker-pool] Shutting down IDLE worker (firstApiWithFirebase)
[debug] [2022-03-17T20:36:42.167Z] [worker-firstApiWithFirebase-efd1511c-1417-411e-889c-bada6de7b314]: FINISHING
[debug] [2022-03-17T20:36:42.210Z] [worker-pool] addWorker(~diagnostic~)
[debug] [2022-03-17T20:36:42.210Z] [worker-pool] Adding worker with key ~diagnostic~, total=2
[debug] [2022-03-17T20:36:42.210Z] [worker-pool] submitWork(triggerId=)
[debug] [2022-03-17T20:36:42.211Z] [worker-~diagnostic~-b210a95b-0f2d-4077-8b56-baa716452d96]: Assigning socketPath: \\?\pipe\C:\Users\fagne\Documents\fireBaseWithTs\functions\2436
[debug] [2022-03-17T20:36:42.211Z] [worker-~diagnostic~-b210a95b-0f2d-4077-8b56-baa716452d96]: BUSY
[debug] [2022-03-17T20:36:42.220Z] [worker-firstApiWithFirebase-efd1511c-1417-411e-889c-bada6de7b314]: exited
[debug] [2022-03-17T20:36:42.220Z] [worker-firstApiWithFirebase-efd1511c-1417-411e-889c-bada6de7b314]: FINISHED
[debug] [2022-03-17T20:36:42.221Z] [worker-~diagnostic~-adcef1a9-804a-495a-82c2-b1cf7e349875]: exited
[debug] [2022-03-17T20:36:42.221Z] [worker-~diagnostic~-adcef1a9-804a-495a-82c2-b1cf7e349875]: FINISHED
[debug] [2022-03-17T20:36:43.052Z] [runtime-status] [2436] Functions runtime initialized. {"cwd":"C:\\Users\\fagne\\Documents\\fireBaseWithTs\\functions","node_version":"16.14.0"}
[info] >  (node:2436) Warning: Accessing non-existent property 'padLevels' of module exports inside circular dependency
[info] >  (Use `node --trace-warnings ...` to show where the warning was created)
[debug] [2022-03-17T20:36:43.057Z] [runtime-status] [2436] Disabled runtime features: {"functions_config_helper":true,"network_filtering":true,"timeout":true,"memory_limiting":true,"admin_stubs":true,"pubsub_emulator":true}
[debug] [2022-03-17T20:36:43.060Z] [runtime-status] [2436] Resolved module firebase-admin {"declared":true,"installed":true,"version":"8.13.0","resolution":"C:\\Users\\fagne\\Documents\\fireBaseWithTs\\functions\\node_modules\\firebase-admin\\lib\\index.js"}
[debug] [2022-03-17T20:36:43.066Z] [runtime-status] [2436] Resolved module firebase-functions {"declared":true,"installed":true,"version":"3.19.0","resolution":"C:\\Users\\fagne\\Documents\\fireBaseWithTs\\functions\\node_modules\\firebase-functions\\lib\\index.js"}
[debug] [2022-03-17T20:36:43.071Z] [runtime-status] [2436] Resolved module firebase-functions {"declared":true,"installed":true,"version":"3.19.0","resolution":"C:\\Users\\fagne\\Documents\\fireBaseWithTs\\functions\\node_modules\\firebase-functions\\lib\\index.js"}
[debug] [2022-03-17T20:36:44.103Z] [worker-~diagnostic~-b210a95b-0f2d-4077-8b56-baa716452d96]: IDLE
[debug] [2022-03-17T20:45:55.813Z] [work-queue] {"queueLength":1,"workRunningCount":0}
[debug] [2022-03-17T20:45:55.814Z] [work-queue] {"queueLength":0,"workRunningCount":1}
[debug] [2022-03-17T20:45:55.814Z] Accepted request POST /advance-genre-288911/us-central1/firstApiWithFirebase --> firstApiWithFirebase
[debug] [2022-03-17T20:45:55.815Z] [worker-pool] Cleaned up workers for ~diagnostic~: 2 --> 1
[debug] [2022-03-17T20:45:55.815Z] [worker-pool] Cleaned up workers for firstApiWithFirebase: 1 --> 0
[debug] [2022-03-17T20:45:55.832Z] [worker-pool] addWorker(firstApiWithFirebase)
[debug] [2022-03-17T20:45:55.836Z] [worker-pool] Adding worker with key firstApiWithFirebase, total=1
[debug] [2022-03-17T20:45:55.836Z] [worker-pool] submitWork(triggerId=firstApiWithFirebase)
[debug] [2022-03-17T20:45:55.837Z] [worker-firstApiWithFirebase-8c7dfea7-b57c-4fa0-a4c5-e3ccf43f4845]: Assigning socketPath: \\?\pipe\C:\Users\fagne\Documents\fireBaseWithTs\functions\17228
[debug] [2022-03-17T20:45:55.838Z] [worker-firstApiWithFirebase-8c7dfea7-b57c-4fa0-a4c5-e3ccf43f4845]: BUSY
[debug] [2022-03-17T20:45:57.180Z] [runtime-status] [17228] Functions runtime initialized. {"cwd":"C:\\Users\\fagne\\Documents\\fireBaseWithTs\\functions","node_version":"16.14.0"}
[info] >  (node:17228) Warning: Accessing non-existent property 'padLevels' of module exports inside circular dependency
[info] >  (Use `node --trace-warnings ...` to show where the warning was created)
[debug] [2022-03-17T20:45:57.188Z] [runtime-status] [17228] Disabled runtime features: {"functions_config_helper":true,"network_filtering":true,"timeout":true,"memory_limiting":true,"admin_stubs":true,"pubsub_emulator":true}
[debug] [2022-03-17T20:45:57.196Z] [runtime-status] [17228] Resolved module firebase-admin {"declared":true,"installed":true,"version":"8.13.0","resolution":"C:\\Users\\fagne\\Documents\\fireBaseWithTs\\functions\\node_modules\\firebase-admin\\lib\\index.js"}
[debug] [2022-03-17T20:45:57.210Z] [runtime-status] [17228] Resolved module firebase-functions {"declared":true,"installed":true,"version":"3.19.0","resolution":"C:\\Users\\fagne\\Documents\\fireBaseWithTs\\functions\\node_modules\\firebase-functions\\lib\\index.js"}
[debug] [2022-03-17T20:45:57.216Z] [runtime-status] [17228] Resolved module firebase-functions {"declared":true,"installed":true,"version":"3.19.0","resolution":"C:\\Users\\fagne\\Documents\\fireBaseWithTs\\functions\\node_modules\\firebase-functions\\lib\\index.js"}
[debug] [2022-03-17T20:45:58.698Z] [runtime-status] [17228] Trigger "firstApiWithFirebase" has been found, beginning invocation!
[info] i  functions: Beginning execution of "firstApiWithFirebase"
[debug] [2022-03-17T20:45:58.700Z] [runtime-status] [17228] triggerDefinition {"httpsTrigger":{},"name":"firstApiWithFirebase","entryPoint":"firstApiWithFirebase"}
[debug] [2022-03-17T20:45:58.700Z] [runtime-status] [17228] Running firstApiWithFirebase in mode HTTPS
[debug] [2022-03-17T20:45:58.713Z] [runtime-status] [17228] Attempting to listen to socketPath: \\?\pipe\C:\Users\fagne\Documents\fireBaseWithTs\functions\17228
[debug] [2022-03-17T20:45:58.720Z] [functions] Runtime ready! Sending request!
[debug] [2022-03-17T20:45:58.753Z] [runtime-status] [17228] Ephemeral server handling POST request
[debug] [2022-03-17T20:45:58.756Z] [runtime-status] [17228] Ephemeral server survived.
[info] i  functions: Finished "firstApiWithFirebase" in ~1s
[debug] [2022-03-17T20:45:58.770Z] [worker-firstApiWithFirebase-8c7dfea7-b57c-4fa0-a4c5-e3ccf43f4845]: IDLE
[debug] [2022-03-17T20:45:58.770Z] [work-queue] {"queueLength":0,"workRunningCount":0}
[debug] [2022-03-17T21:31:22.103Z] [worker-firstApiWithFirebase-8c7dfea7-b57c-4fa0-a4c5-e3ccf43f4845]: exited
[debug] [2022-03-17T21:31:22.107Z] [worker-firstApiWithFirebase-8c7dfea7-b57c-4fa0-a4c5-e3ccf43f4845]: FINISHED
[debug] [2022-03-18T11:01:47.809Z] ----------------------------------------------------------------------
[debug] [2022-03-18T11:01:47.812Z] Command:       C:\Program Files\nodejs\node.exe C:\Users\fagne\AppData\Roaming\npm\node_modules\firebase-tools\lib\bin\firebase.js serve --only functions
[debug] [2022-03-18T11:01:47.812Z] CLI Version:   7.12.1
[debug] [2022-03-18T11:01:47.812Z] Platform:      win32
[debug] [2022-03-18T11:01:47.812Z] Node Version:  v16.14.0
[debug] [2022-03-18T11:01:47.836Z] Time:          Fri Mar 18 2022 08:01:47 GMT-0300 (Horário Padrão de Brasília)
[debug] [2022-03-18T11:01:47.837Z] ----------------------------------------------------------------------
[debug] [2022-03-18T11:01:47.837Z] 
[debug] [2022-03-18T11:01:47.859Z] > command requires scopes: ["email","openid","https://www.googleapis.com/auth/cloudplatformprojects.readonly","https://www.googleapis.com/auth/firebase","https://www.googleapis.com/auth/cloud-platform"]
[debug] [2022-03-18T11:01:47.861Z] > authorizing via signed-in user
[debug] [2022-03-18T11:01:47.862Z] [iam] checking project advance-genre-288911 for permissions ["firebase.projects.get"]
[debug] [2022-03-18T11:01:47.866Z] > refreshing access token with scopes: ["email","https://www.googleapis.com/auth/cloud-platform","https://www.googleapis.com/auth/cloudplatformprojects.readonly","https://www.googleapis.com/auth/firebase","openid"]
[debug] [2022-03-18T11:01:47.867Z] >>> HTTP REQUEST POST https://www.googleapis.com/oauth2/v3/token  
 <request body omitted>
[debug] [2022-03-18T11:01:48.379Z] <<< HTTP RESPONSE 200
[debug] [2022-03-18T11:01:48.425Z] >>> HTTP REQUEST POST https://cloudresourcemanager.googleapis.com/v1/projects/advance-genre-288911:testIamPermissions  

[debug] [2022-03-18T11:01:49.637Z] <<< HTTP RESPONSE 200
[debug] [2022-03-18T11:01:49.641Z] >>> HTTP REQUEST GET https://firebase.googleapis.com/v1beta1/projects/advance-genre-288911  
 
[debug] [2022-03-18T11:01:50.970Z] <<< HTTP RESPONSE 200
[warn] !  Your requested "node" version "16.14.0" doesn't match your global version "16"
[info] +  functions: Emulator started at http://localhost:5000
[info] i  functions: Watching "C:\Users\fagne\Documents\fireBaseWithTs\functions" for Cloud Functions...
[debug] [2022-03-18T11:01:51.402Z] [worker-pool] addWorker(~diagnostic~)
[debug] [2022-03-18T11:01:51.403Z] [worker-pool] Adding worker with key ~diagnostic~, total=1
[debug] [2022-03-18T11:01:51.403Z] [worker-pool] submitWork(triggerId=)
[debug] [2022-03-18T11:01:51.404Z] [worker-~diagnostic~-23f2a031-018d-4d30-b64f-90e5336a646a]: Assigning socketPath: \\?\pipe\C:\Users\fagne\Documents\fireBaseWithTs\functions\7060
[debug] [2022-03-18T11:01:51.405Z] [worker-~diagnostic~-23f2a031-018d-4d30-b64f-90e5336a646a]: BUSY
[debug] [2022-03-18T11:01:52.242Z] [runtime-status] [7060] Functions runtime initialized. {"cwd":"C:\\Users\\fagne\\Documents\\fireBaseWithTs\\functions","node_version":"16.14.0"}
[info] >  (node:7060) Warning: Accessing non-existent property 'padLevels' of module exports inside circular dependency
[info] >  (Use `node --trace-warnings ...` to show where the warning was created)
[debug] [2022-03-18T11:01:52.245Z] [runtime-status] [7060] Disabled runtime features: {"functions_config_helper":true,"network_filtering":true,"timeout":true,"memory_limiting":true,"admin_stubs":true,"pubsub_emulator":true}
[debug] [2022-03-18T11:01:52.249Z] [runtime-status] [7060] Resolved module firebase-admin {"declared":true,"installed":true,"version":"8.13.0","resolution":"C:\\Users\\fagne\\Documents\\fireBaseWithTs\\functions\\node_modules\\firebase-admin\\lib\\index.js"}
[debug] [2022-03-18T11:01:52.254Z] [runtime-status] [7060] Resolved module firebase-functions {"declared":true,"installed":true,"version":"3.19.0","resolution":"C:\\Users\\fagne\\Documents\\fireBaseWithTs\\functions\\node_modules\\firebase-functions\\lib\\index.js"}
[debug] [2022-03-18T11:01:52.257Z] [runtime-status] [7060] Resolved module firebase-functions {"declared":true,"installed":true,"version":"3.19.0","resolution":"C:\\Users\\fagne\\Documents\\fireBaseWithTs\\functions\\node_modules\\firebase-functions\\lib\\index.js"}
[info] +  functions[firstApiWithFirebase]: http function initialized (http://localhost:5000/advance-genre-288911/us-central1/firstApiWithFirebase).
[debug] [2022-03-18T11:01:53.319Z] [worker-~diagnostic~-23f2a031-018d-4d30-b64f-90e5336a646a]: IDLE
[debug] [2022-03-18T11:02:22.975Z] [work-queue] {"queueLength":1,"workRunningCount":0}
[debug] [2022-03-18T11:02:22.975Z] [work-queue] {"queueLength":0,"workRunningCount":1}
[debug] [2022-03-18T11:02:22.976Z] Accepted request POST /advance-genre-288911/us-central1/firstApiWithFirebase --> firstApiWithFirebase
[debug] [2022-03-18T11:02:22.988Z] [worker-pool] addWorker(firstApiWithFirebase)
[debug] [2022-03-18T11:02:22.988Z] [worker-pool] Adding worker with key firstApiWithFirebase, total=1
[debug] [2022-03-18T11:02:22.988Z] [worker-pool] submitWork(triggerId=firstApiWithFirebase)
[debug] [2022-03-18T11:02:22.989Z] [worker-firstApiWithFirebase-8e7af29e-f547-46a6-a6e5-bb3303505308]: Assigning socketPath: \\?\pipe\C:\Users\fagne\Documents\fireBaseWithTs\functions\18368
[debug] [2022-03-18T11:02:22.989Z] [worker-firstApiWithFirebase-8e7af29e-f547-46a6-a6e5-bb3303505308]: BUSY
[debug] [2022-03-18T11:02:24.188Z] [runtime-status] [18368] Functions runtime initialized. {"cwd":"C:\\Users\\fagne\\Documents\\fireBaseWithTs\\functions","node_version":"16.14.0"}
[info] >  (node:18368) Warning: Accessing non-existent property 'padLevels' of module exports inside circular dependency
[info] >  (Use `node --trace-warnings ...` to show where the warning was created)
[debug] [2022-03-18T11:02:24.198Z] [runtime-status] [18368] Disabled runtime features: {"functions_config_helper":true,"network_filtering":true,"timeout":true,"memory_limiting":true,"admin_stubs":true,"pubsub_emulator":true}
[debug] [2022-03-18T11:02:24.209Z] [runtime-status] [18368] Resolved module firebase-admin {"declared":true,"installed":true,"version":"8.13.0","resolution":"C:\\Users\\fagne\\Documents\\fireBaseWithTs\\functions\\node_modules\\firebase-admin\\lib\\index.js"}
[debug] [2022-03-18T11:02:24.219Z] [runtime-status] [18368] Resolved module firebase-functions {"declared":true,"installed":true,"version":"3.19.0","resolution":"C:\\Users\\fagne\\Documents\\fireBaseWithTs\\functions\\node_modules\\firebase-functions\\lib\\index.js"}
[debug] [2022-03-18T11:02:24.230Z] [runtime-status] [18368] Resolved module firebase-functions {"declared":true,"installed":true,"version":"3.19.0","resolution":"C:\\Users\\fagne\\Documents\\fireBaseWithTs\\functions\\node_modules\\firebase-functions\\lib\\index.js"}
[debug] [2022-03-18T11:02:25.878Z] [runtime-status] [18368] Trigger "firstApiWithFirebase" has been found, beginning invocation!
[info] i  functions: Beginning execution of "firstApiWithFirebase"
[debug] [2022-03-18T11:02:25.880Z] [runtime-status] [18368] triggerDefinition {"httpsTrigger":{},"name":"firstApiWithFirebase","entryPoint":"firstApiWithFirebase"}
[debug] [2022-03-18T11:02:25.880Z] [runtime-status] [18368] Running firstApiWithFirebase in mode HTTPS
[debug] [2022-03-18T11:02:25.892Z] [runtime-status] [18368] Attempting to listen to socketPath: \\?\pipe\C:\Users\fagne\Documents\fireBaseWithTs\functions\18368
[debug] [2022-03-18T11:02:25.905Z] [functions] Runtime ready! Sending request!
[debug] [2022-03-18T11:02:26.148Z] [runtime-status] [18368] Ephemeral server handling POST request
[debug] [2022-03-18T11:02:26.151Z] [runtime-status] [18368] Ephemeral server survived.
[info] i  functions: Finished "firstApiWithFirebase" in ~1s
[debug] [2022-03-18T11:02:26.170Z] [worker-firstApiWithFirebase-8e7af29e-f547-46a6-a6e5-bb3303505308]: IDLE
[debug] [2022-03-18T11:02:26.171Z] [work-queue] {"queueLength":0,"workRunningCount":0}
[debug] [2022-03-18T11:02:47.019Z] [work-queue] {"queueLength":1,"workRunningCount":0}
[debug] [2022-03-18T11:02:47.020Z] [work-queue] {"queueLength":0,"workRunningCount":1}
[debug] [2022-03-18T11:02:47.020Z] Accepted request POST /advance-genre-288911/us-central1/firstApiWithFirebase --> firstApiWithFirebase
[debug] [2022-03-18T11:02:47.020Z] [worker-pool] submitWork(triggerId=firstApiWithFirebase)
[debug] [2022-03-18T11:02:47.021Z] [worker-firstApiWithFirebase-8e7af29e-f547-46a6-a6e5-bb3303505308]: Assigning socketPath: \\?\pipe\C:\Users\fagne\Documents\fireBaseWithTs\functions\18368
[debug] [2022-03-18T11:02:47.021Z] [worker-firstApiWithFirebase-8e7af29e-f547-46a6-a6e5-bb3303505308]: BUSY
[debug] [2022-03-18T11:02:47.022Z] [runtime-status] [18368] Trigger "firstApiWithFirebase" has been found, beginning invocation!
[info] i  functions: Beginning execution of "firstApiWithFirebase"
[debug] [2022-03-18T11:02:47.023Z] [runtime-status] [18368] triggerDefinition {"httpsTrigger":{},"name":"firstApiWithFirebase","entryPoint":"firstApiWithFirebase"}
[debug] [2022-03-18T11:02:47.023Z] [runtime-status] [18368] Running firstApiWithFirebase in mode HTTPS
[debug] [2022-03-18T11:02:47.025Z] [runtime-status] [18368] Attempting to listen to socketPath: \\?\pipe\C:\Users\fagne\Documents\fireBaseWithTs\functions\18368
[debug] [2022-03-18T11:02:47.027Z] [functions] Runtime ready! Sending request!
[debug] [2022-03-18T11:02:47.036Z] [runtime-status] [18368] Ephemeral server handling POST request
[debug] [2022-03-18T11:02:47.037Z] [runtime-status] [18368] Ephemeral server survived.
[info] i  functions: Finished "firstApiWithFirebase" in ~1s
[debug] [2022-03-18T11:02:47.041Z] [worker-firstApiWithFirebase-8e7af29e-f547-46a6-a6e5-bb3303505308]: IDLE
[debug] [2022-03-18T11:02:47.041Z] [work-queue] {"queueLength":0,"workRunningCount":0}
[debug] [2022-03-18T11:03:02.183Z] [work-queue] {"queueLength":1,"workRunningCount":0}
[debug] [2022-03-18T11:03:02.185Z] [work-queue] {"queueLength":0,"workRunningCount":1}
[debug] [2022-03-18T11:03:02.186Z] Accepted request POST /advance-genre-288911/us-central1/firstApiWithFirebase --> firstApiWithFirebase
[debug] [2022-03-18T11:03:02.188Z] [worker-pool] submitWork(triggerId=firstApiWithFirebase)
[debug] [2022-03-18T11:03:02.189Z] [worker-firstApiWithFirebase-8e7af29e-f547-46a6-a6e5-bb3303505308]: Assigning socketPath: \\?\pipe\C:\Users\fagne\Documents\fireBaseWithTs\functions\18368
[debug] [2022-03-18T11:03:02.189Z] [worker-firstApiWithFirebase-8e7af29e-f547-46a6-a6e5-bb3303505308]: BUSY
[debug] [2022-03-18T11:03:02.191Z] [runtime-status] [18368] Trigger "firstApiWithFirebase" has been found, beginning invocation!
[info] i  functions: Beginning execution of "firstApiWithFirebase"
[debug] [2022-03-18T11:03:02.194Z] [runtime-status] [18368] triggerDefinition {"httpsTrigger":{},"name":"firstApiWithFirebase","entryPoint":"firstApiWithFirebase"}
[debug] [2022-03-18T11:03:02.195Z] [runtime-status] [18368] Running firstApiWithFirebase in mode HTTPS
[debug] [2022-03-18T11:03:02.197Z] [runtime-status] [18368] Attempting to listen to socketPath: \\?\pipe\C:\Users\fagne\Documents\fireBaseWithTs\functions\18368
[debug] [2022-03-18T11:03:02.203Z] [functions] Runtime ready! Sending request!
[debug] [2022-03-18T11:03:02.224Z] [runtime-status] [18368] Ephemeral server handling POST request
[debug] [2022-03-18T11:03:02.225Z] [runtime-status] [18368] Ephemeral server survived.
[info] i  functions: Finished "firstApiWithFirebase" in ~1s
[debug] [2022-03-18T11:03:02.238Z] [worker-firstApiWithFirebase-8e7af29e-f547-46a6-a6e5-bb3303505308]: IDLE
[debug] [2022-03-18T11:03:02.238Z] [work-queue] {"queueLength":0,"workRunningCount":0}
[debug] [2022-03-18T11:04:02.708Z] File C:\Users\fagne\Documents\fireBaseWithTs\functions\src\index.ts changed, reloading triggers
[debug] [2022-03-18T11:04:03.716Z] [worker-pool] Shutting down IDLE worker (~diagnostic~)
[debug] [2022-03-18T11:04:03.717Z] [worker-~diagnostic~-23f2a031-018d-4d30-b64f-90e5336a646a]: FINISHING
[debug] [2022-03-18T11:04:03.719Z] [worker-pool] Shutting down IDLE worker (firstApiWithFirebase)
[debug] [2022-03-18T11:04:03.720Z] [worker-firstApiWithFirebase-8e7af29e-f547-46a6-a6e5-bb3303505308]: FINISHING
[debug] [2022-03-18T11:04:03.751Z] [worker-pool] addWorker(~diagnostic~)
[debug] [2022-03-18T11:04:03.751Z] [worker-pool] Adding worker with key ~diagnostic~, total=2
[debug] [2022-03-18T11:04:03.751Z] [worker-pool] submitWork(triggerId=)
[debug] [2022-03-18T11:04:03.751Z] [worker-~diagnostic~-f8a4f7d6-cad6-4c59-af0c-e639198eec80]: Assigning socketPath: \\?\pipe\C:\Users\fagne\Documents\fireBaseWithTs\functions\18564
[debug] [2022-03-18T11:04:03.752Z] [worker-~diagnostic~-f8a4f7d6-cad6-4c59-af0c-e639198eec80]: BUSY
[debug] [2022-03-18T11:04:03.755Z] [worker-firstApiWithFirebase-8e7af29e-f547-46a6-a6e5-bb3303505308]: exited
[debug] [2022-03-18T11:04:03.756Z] [worker-firstApiWithFirebase-8e7af29e-f547-46a6-a6e5-bb3303505308]: FINISHED
[debug] [2022-03-18T11:04:03.756Z] [worker-~diagnostic~-23f2a031-018d-4d30-b64f-90e5336a646a]: exited
[debug] [2022-03-18T11:04:03.756Z] [worker-~diagnostic~-23f2a031-018d-4d30-b64f-90e5336a646a]: FINISHED
[debug] [2022-03-18T11:04:04.076Z] File C:\Users\fagne\Documents\fireBaseWithTs\functions\src\index.ts changed, reloading triggers
[debug] [2022-03-18T11:04:04.713Z] [runtime-status] [18564] Functions runtime initialized. {"cwd":"C:\\Users\\fagne\\Documents\\fireBaseWithTs\\functions","node_version":"16.14.0"}
[info] >  (node:18564) Warning: Accessing non-existent property 'padLevels' of module exports inside circular dependency
[info] >  (Use `node --trace-warnings ...` to show where the warning was created)
[debug] [2022-03-18T11:04:04.719Z] [runtime-status] [18564] Disabled runtime features: {"functions_config_helper":true,"network_filtering":true,"timeout":true,"memory_limiting":true,"admin_stubs":true,"pubsub_emulator":true}
[debug] [2022-03-18T11:04:04.726Z] [runtime-status] [18564] Resolved module firebase-admin {"declared":true,"installed":true,"version":"8.13.0","resolution":"C:\\Users\\fagne\\Documents\\fireBaseWithTs\\functions\\node_modules\\firebase-admin\\lib\\index.js"}
[debug] [2022-03-18T11:04:04.735Z] [runtime-status] [18564] Resolved module firebase-functions {"declared":true,"installed":true,"version":"3.19.0","resolution":"C:\\Users\\fagne\\Documents\\fireBaseWithTs\\functions\\node_modules\\firebase-functions\\lib\\index.js"}
[debug] [2022-03-18T11:04:04.742Z] [runtime-status] [18564] Resolved module firebase-functions {"declared":true,"installed":true,"version":"3.19.0","resolution":"C:\\Users\\fagne\\Documents\\fireBaseWithTs\\functions\\node_modules\\firebase-functions\\lib\\index.js"}
[debug] [2022-03-18T11:04:05.077Z] [worker-pool] Marking BUSY worker to finish (~diagnostic~)
[debug] [2022-03-18T11:04:05.078Z] [worker-~diagnostic~-f8a4f7d6-cad6-4c59-af0c-e639198eec80]: FINISHING
[debug] [2022-03-18T11:04:05.078Z] [worker-pool] Cleaned up workers for ~diagnostic~: 2 --> 1
[debug] [2022-03-18T11:04:05.078Z] [worker-pool] Cleaned up workers for firstApiWithFirebase: 1 --> 0
[debug] [2022-03-18T11:04:05.087Z] [worker-pool] addWorker(~diagnostic~)
[debug] [2022-03-18T11:04:05.087Z] [worker-pool] Adding worker with key ~diagnostic~, total=2
[debug] [2022-03-18T11:04:05.087Z] [worker-pool] submitWork(triggerId=)
[debug] [2022-03-18T11:04:05.088Z] [worker-~diagnostic~-09bcab2f-b460-4276-b149-84f87425be14]: Assigning socketPath: \\?\pipe\C:\Users\fagne\Documents\fireBaseWithTs\functions\11616
[debug] [2022-03-18T11:04:05.088Z] [worker-~diagnostic~-09bcab2f-b460-4276-b149-84f87425be14]: BUSY
[debug] [2022-03-18T11:04:05.742Z] [worker-~diagnostic~-f8a4f7d6-cad6-4c59-af0c-e639198eec80]: IDLE --> FINISHING
[debug] [2022-03-18T11:04:05.758Z] [worker-~diagnostic~-f8a4f7d6-cad6-4c59-af0c-e639198eec80]: exited
[debug] [2022-03-18T11:04:05.758Z] [worker-~diagnostic~-f8a4f7d6-cad6-4c59-af0c-e639198eec80]: FINISHED
[debug] [2022-03-18T11:04:05.779Z] [runtime-status] [11616] Functions runtime initialized. {"cwd":"C:\\Users\\fagne\\Documents\\fireBaseWithTs\\functions","node_version":"16.14.0"}
[info] >  (node:11616) Warning: Accessing non-existent property 'padLevels' of module exports inside circular dependency
[info] >  (Use `node --trace-warnings ...` to show where the warning was created)
[debug] [2022-03-18T11:04:05.788Z] [runtime-status] [11616] Disabled runtime features: {"functions_config_helper":true,"network_filtering":true,"timeout":true,"memory_limiting":true,"admin_stubs":true,"pubsub_emulator":true}
[debug] [2022-03-18T11:04:05.793Z] [runtime-status] [11616] Resolved module firebase-admin {"declared":true,"installed":true,"version":"8.13.0","resolution":"C:\\Users\\fagne\\Documents\\fireBaseWithTs\\functions\\node_modules\\firebase-admin\\lib\\index.js"}
[debug] [2022-03-18T11:04:05.802Z] [runtime-status] [11616] Resolved module firebase-functions {"declared":true,"installed":true,"version":"3.19.0","resolution":"C:\\Users\\fagne\\Documents\\fireBaseWithTs\\functions\\node_modules\\firebase-functions\\lib\\index.js"}
[debug] [2022-03-18T11:04:05.807Z] [runtime-status] [11616] Resolved module firebase-functions {"declared":true,"installed":true,"version":"3.19.0","resolution":"C:\\Users\\fagne\\Documents\\fireBaseWithTs\\functions\\node_modules\\firebase-functions\\lib\\index.js"}
[debug] [2022-03-18T11:04:06.975Z] [worker-~diagnostic~-09bcab2f-b460-4276-b149-84f87425be14]: IDLE
[debug] [2022-03-18T11:04:39.953Z] File C:\Users\fagne\Documents\fireBaseWithTs\functions\lib\index.js.map changed, reloading triggers
[debug] [2022-03-18T11:04:39.953Z] File C:\Users\fagne\Documents\fireBaseWithTs\functions\lib\index.js changed, reloading triggers
[debug] [2022-03-18T11:04:39.972Z] File C:\Users\fagne\Documents\fireBaseWithTs\functions\lib\User.js.map changed, reloading triggers
[debug] [2022-03-18T11:04:39.981Z] File C:\Users\fagne\Documents\fireBaseWithTs\functions\lib\User.js changed, reloading triggers
[debug] [2022-03-18T11:04:40.989Z] [worker-pool] Shutting down IDLE worker (~diagnostic~)
[debug] [2022-03-18T11:04:40.989Z] [worker-~diagnostic~-09bcab2f-b460-4276-b149-84f87425be14]: FINISHING
[debug] [2022-03-18T11:04:40.990Z] [worker-pool] Cleaned up workers for ~diagnostic~: 2 --> 1
[debug] [2022-03-18T11:04:41.017Z] [worker-pool] addWorker(~diagnostic~)
[debug] [2022-03-18T11:04:41.018Z] [worker-pool] Adding worker with key ~diagnostic~, total=2
[debug] [2022-03-18T11:04:41.018Z] [worker-pool] submitWork(triggerId=)
[debug] [2022-03-18T11:04:41.018Z] [worker-~diagnostic~-0d3de196-f50d-4983-a897-d9c4b8064005]: Assigning socketPath: \\?\pipe\C:\Users\fagne\Documents\fireBaseWithTs\functions\19344
[debug] [2022-03-18T11:04:41.019Z] [worker-~diagnostic~-0d3de196-f50d-4983-a897-d9c4b8064005]: BUSY
[debug] [2022-03-18T11:04:41.038Z] [worker-~diagnostic~-09bcab2f-b460-4276-b149-84f87425be14]: exited
[debug] [2022-03-18T11:04:41.039Z] [worker-~diagnostic~-09bcab2f-b460-4276-b149-84f87425be14]: FINISHED
[debug] [2022-03-18T11:04:42.125Z] [runtime-status] [19344] Functions runtime initialized. {"cwd":"C:\\Users\\fagne\\Documents\\fireBaseWithTs\\functions","node_version":"16.14.0"}
[info] >  (node:19344) Warning: Accessing non-existent property 'padLevels' of module exports inside circular dependency
[info] >  (Use `node --trace-warnings ...` to show where the warning was created)
[debug] [2022-03-18T11:04:42.135Z] [runtime-status] [19344] Disabled runtime features: {"functions_config_helper":true,"network_filtering":true,"timeout":true,"memory_limiting":true,"admin_stubs":true,"pubsub_emulator":true}
[debug] [2022-03-18T11:04:42.143Z] [runtime-status] [19344] Resolved module firebase-admin {"declared":true,"installed":true,"version":"8.13.0","resolution":"C:\\Users\\fagne\\Documents\\fireBaseWithTs\\functions\\node_modules\\firebase-admin\\lib\\index.js"}
[debug] [2022-03-18T11:04:42.156Z] [runtime-status] [19344] Resolved module firebase-functions {"declared":true,"installed":true,"version":"3.19.0","resolution":"C:\\Users\\fagne\\Documents\\fireBaseWithTs\\functions\\node_modules\\firebase-functions\\lib\\index.js"}
[debug] [2022-03-18T11:04:42.161Z] [runtime-status] [19344] Resolved module firebase-functions {"declared":true,"installed":true,"version":"3.19.0","resolution":"C:\\Users\\fagne\\Documents\\fireBaseWithTs\\functions\\node_modules\\firebase-functions\\lib\\index.js"}
[debug] [2022-03-18T11:04:43.398Z] [worker-~diagnostic~-0d3de196-f50d-4983-a897-d9c4b8064005]: IDLE
[info] Shutting down...
[debug] [2022-03-18T11:05:01.802Z] [worker-~diagnostic~-0d3de196-f50d-4983-a897-d9c4b8064005]: exited
[debug] [2022-03-18T11:05:01.802Z] [worker-~diagnostic~-0d3de196-f50d-4983-a897-d9c4b8064005]: FINISHED
[debug] [2022-03-18T11:05:24.999Z] ----------------------------------------------------------------------
[debug] [2022-03-18T11:05:25.002Z] Command:       C:\Program Files\nodejs\node.exe C:\Users\fagne\AppData\Roaming\npm\node_modules\firebase-tools\lib\bin\firebase.js serve --only functions
[debug] [2022-03-18T11:05:25.002Z] CLI Version:   7.12.1
[debug] [2022-03-18T11:05:25.002Z] Platform:      win32
[debug] [2022-03-18T11:05:25.002Z] Node Version:  v16.14.0
[debug] [2022-03-18T11:05:25.004Z] Time:          Fri Mar 18 2022 08:05:25 GMT-0300 (Horário Padrão de Brasília)
[debug] [2022-03-18T11:05:25.004Z] ----------------------------------------------------------------------
[debug] [2022-03-18T11:05:25.004Z] 
[debug] [2022-03-18T11:05:25.017Z] > command requires scopes: ["email","openid","https://www.googleapis.com/auth/cloudplatformprojects.readonly","https://www.googleapis.com/auth/firebase","https://www.googleapis.com/auth/cloud-platform"]
[debug] [2022-03-18T11:05:25.018Z] > authorizing via signed-in user
[debug] [2022-03-18T11:05:25.018Z] [iam] checking project advance-genre-288911 for permissions ["firebase.projects.get"]
[debug] [2022-03-18T11:05:25.020Z] >>> HTTP REQUEST POST https://cloudresourcemanager.googleapis.com/v1/projects/advance-genre-288911:testIamPermissions  

[debug] [2022-03-18T11:05:26.221Z] <<< HTTP RESPONSE 200
[debug] [2022-03-18T11:05:26.228Z] >>> HTTP REQUEST GET https://firebase.googleapis.com/v1beta1/projects/advance-genre-288911  
 
[debug] [2022-03-18T11:05:27.544Z] <<< HTTP RESPONSE 200
[warn] !  Your requested "node" version "16.14.0" doesn't match your global version "16"
[info] +  functions: Emulator started at http://localhost:5000
[info] i  functions: Watching "C:\Users\fagne\Documents\fireBaseWithTs\functions" for Cloud Functions...
[debug] [2022-03-18T11:05:27.926Z] [worker-pool] addWorker(~diagnostic~)
[debug] [2022-03-18T11:05:27.927Z] [worker-pool] Adding worker with key ~diagnostic~, total=1
[debug] [2022-03-18T11:05:27.927Z] [worker-pool] submitWork(triggerId=)
[debug] [2022-03-18T11:05:27.929Z] [worker-~diagnostic~-8afe859f-4f09-4da7-9ddb-6876a5713883]: Assigning socketPath: \\?\pipe\C:\Users\fagne\Documents\fireBaseWithTs\functions\13916
[debug] [2022-03-18T11:05:27.930Z] [worker-~diagnostic~-8afe859f-4f09-4da7-9ddb-6876a5713883]: BUSY
[debug] [2022-03-18T11:05:28.637Z] [runtime-status] [13916] Functions runtime initialized. {"cwd":"C:\\Users\\fagne\\Documents\\fireBaseWithTs\\functions","node_version":"16.14.0"}
[info] >  (node:13916) Warning: Accessing non-existent property 'padLevels' of module exports inside circular dependency
[info] >  (Use `node --trace-warnings ...` to show where the warning was created)
[debug] [2022-03-18T11:05:28.640Z] [runtime-status] [13916] Disabled runtime features: {"functions_config_helper":true,"network_filtering":true,"timeout":true,"memory_limiting":true,"admin_stubs":true,"pubsub_emulator":true}
[debug] [2022-03-18T11:05:28.644Z] [runtime-status] [13916] Resolved module firebase-admin {"declared":true,"installed":true,"version":"8.13.0","resolution":"C:\\Users\\fagne\\Documents\\fireBaseWithTs\\functions\\node_modules\\firebase-admin\\lib\\index.js"}
[debug] [2022-03-18T11:05:28.651Z] [runtime-status] [13916] Resolved module firebase-functions {"declared":true,"installed":true,"version":"3.19.0","resolution":"C:\\Users\\fagne\\Documents\\fireBaseWithTs\\functions\\node_modules\\firebase-functions\\lib\\index.js"}
[debug] [2022-03-18T11:05:28.655Z] [runtime-status] [13916] Resolved module firebase-functions {"declared":true,"installed":true,"version":"3.19.0","resolution":"C:\\Users\\fagne\\Documents\\fireBaseWithTs\\functions\\node_modules\\firebase-functions\\lib\\index.js"}
[info] +  functions[firstApiWithFirebase]: http function initialized (http://localhost:5000/advance-genre-288911/us-central1/firstApiWithFirebase).
[debug] [2022-03-18T11:05:29.520Z] [worker-~diagnostic~-8afe859f-4f09-4da7-9ddb-6876a5713883]: IDLE
[debug] [2022-03-18T11:05:51.369Z] [work-queue] {"queueLength":1,"workRunningCount":0}
[debug] [2022-03-18T11:05:51.370Z] [work-queue] {"queueLength":0,"workRunningCount":1}
[debug] [2022-03-18T11:05:51.371Z] Accepted request POST /advance-genre-288911/us-central1/firstApiWithFirebase --> firstApiWithFirebase
[debug] [2022-03-18T11:05:51.390Z] [worker-pool] addWorker(firstApiWithFirebase)
[debug] [2022-03-18T11:05:51.390Z] [worker-pool] Adding worker with key firstApiWithFirebase, total=1
[debug] [2022-03-18T11:05:51.391Z] [worker-pool] submitWork(triggerId=firstApiWithFirebase)
[debug] [2022-03-18T11:05:51.391Z] [worker-firstApiWithFirebase-cc913694-6bf6-4d01-bbaf-5fd264e324b3]: Assigning socketPath: \\?\pipe\C:\Users\fagne\Documents\fireBaseWithTs\functions\10452
[debug] [2022-03-18T11:05:51.391Z] [worker-firstApiWithFirebase-cc913694-6bf6-4d01-bbaf-5fd264e324b3]: BUSY
[debug] [2022-03-18T11:05:52.504Z] [runtime-status] [10452] Functions runtime initialized. {"cwd":"C:\\Users\\fagne\\Documents\\fireBaseWithTs\\functions","node_version":"16.14.0"}
[info] >  (node:10452) Warning: Accessing non-existent property 'padLevels' of module exports inside circular dependency
[info] >  (Use `node --trace-warnings ...` to show where the warning was created)
[debug] [2022-03-18T11:05:52.517Z] [runtime-status] [10452] Disabled runtime features: {"functions_config_helper":true,"network_filtering":true,"timeout":true,"memory_limiting":true,"admin_stubs":true,"pubsub_emulator":true}
[debug] [2022-03-18T11:05:52.527Z] [runtime-status] [10452] Resolved module firebase-admin {"declared":true,"installed":true,"version":"8.13.0","resolution":"C:\\Users\\fagne\\Documents\\fireBaseWithTs\\functions\\node_modules\\firebase-admin\\lib\\index.js"}
[debug] [2022-03-18T11:05:52.545Z] [runtime-status] [10452] Resolved module firebase-functions {"declared":true,"installed":true,"version":"3.19.0","resolution":"C:\\Users\\fagne\\Documents\\fireBaseWithTs\\functions\\node_modules\\firebase-functions\\lib\\index.js"}
[debug] [2022-03-18T11:05:52.553Z] [runtime-status] [10452] Resolved module firebase-functions {"declared":true,"installed":true,"version":"3.19.0","resolution":"C:\\Users\\fagne\\Documents\\fireBaseWithTs\\functions\\node_modules\\firebase-functions\\lib\\index.js"}
[debug] [2022-03-18T11:05:53.875Z] [runtime-status] [10452] Trigger "firstApiWithFirebase" has been found, beginning invocation!
[info] i  functions: Beginning execution of "firstApiWithFirebase"
[debug] [2022-03-18T11:05:53.878Z] [runtime-status] [10452] triggerDefinition {"httpsTrigger":{},"name":"firstApiWithFirebase","entryPoint":"firstApiWithFirebase"}
[debug] [2022-03-18T11:05:53.878Z] [runtime-status] [10452] Running firstApiWithFirebase in mode HTTPS
[debug] [2022-03-18T11:05:53.889Z] [runtime-status] [10452] Attempting to listen to socketPath: \\?\pipe\C:\Users\fagne\Documents\fireBaseWithTs\functions\10452
[debug] [2022-03-18T11:05:53.900Z] [functions] Runtime ready! Sending request!
[debug] [2022-03-18T11:05:53.953Z] [runtime-status] [10452] Ephemeral server handling POST request
[debug] [2022-03-18T11:05:53.960Z] [runtime-status] [10452] Ephemeral server survived.
[info] i  functions: Finished "firstApiWithFirebase" in ~1s
[debug] [2022-03-18T11:05:53.978Z] [worker-firstApiWithFirebase-cc913694-6bf6-4d01-bbaf-5fd264e324b3]: IDLE
[debug] [2022-03-18T11:05:53.979Z] [work-queue] {"queueLength":0,"workRunningCount":0}
[debug] [2022-03-18T11:24:25.862Z] File C:\Users\fagne\Documents\fireBaseWithTs\functions\src\database.ts changed, reloading triggers
[debug] [2022-03-18T11:24:26.865Z] [worker-pool] Shutting down IDLE worker (~diagnostic~)
[debug] [2022-03-18T11:24:26.865Z] [worker-~diagnostic~-8afe859f-4f09-4da7-9ddb-6876a5713883]: FINISHING
[debug] [2022-03-18T11:24:26.866Z] [worker-pool] Shutting down IDLE worker (firstApiWithFirebase)
[debug] [2022-03-18T11:24:26.867Z] [worker-firstApiWithFirebase-cc913694-6bf6-4d01-bbaf-5fd264e324b3]: FINISHING
[debug] [2022-03-18T11:24:26.901Z] [worker-pool] addWorker(~diagnostic~)
[debug] [2022-03-18T11:24:26.901Z] [worker-pool] Adding worker with key ~diagnostic~, total=2
[debug] [2022-03-18T11:24:26.901Z] [worker-pool] submitWork(triggerId=)
[debug] [2022-03-18T11:24:26.902Z] [worker-~diagnostic~-a3ff7196-1c8a-46be-86e5-f4f4b045b75a]: Assigning socketPath: \\?\pipe\C:\Users\fagne\Documents\fireBaseWithTs\functions\864
[debug] [2022-03-18T11:24:26.902Z] [worker-~diagnostic~-a3ff7196-1c8a-46be-86e5-f4f4b045b75a]: BUSY
[debug] [2022-03-18T11:24:26.910Z] [worker-~diagnostic~-8afe859f-4f09-4da7-9ddb-6876a5713883]: exited
[debug] [2022-03-18T11:24:26.911Z] [worker-~diagnostic~-8afe859f-4f09-4da7-9ddb-6876a5713883]: FINISHED
[debug] [2022-03-18T11:24:26.912Z] [worker-firstApiWithFirebase-cc913694-6bf6-4d01-bbaf-5fd264e324b3]: exited
[debug] [2022-03-18T11:24:26.913Z] [worker-firstApiWithFirebase-cc913694-6bf6-4d01-bbaf-5fd264e324b3]: FINISHED
[debug] [2022-03-18T11:24:27.802Z] [runtime-status] [864] Functions runtime initialized. {"cwd":"C:\\Users\\fagne\\Documents\\fireBaseWithTs\\functions","node_version":"16.14.0"}
[info] >  (node:864) Warning: Accessing non-existent property 'padLevels' of module exports inside circular dependency
[info] >  (Use `node --trace-warnings ...` to show where the warning was created)
[debug] [2022-03-18T11:24:27.807Z] [runtime-status] [864] Disabled runtime features: {"functions_config_helper":true,"network_filtering":true,"timeout":true,"memory_limiting":true,"admin_stubs":true,"pubsub_emulator":true}
[debug] [2022-03-18T11:24:27.811Z] [runtime-status] [864] Resolved module firebase-admin {"declared":true,"installed":true,"version":"8.13.0","resolution":"C:\\Users\\fagne\\Documents\\fireBaseWithTs\\functions\\node_modules\\firebase-admin\\lib\\index.js"}
[debug] [2022-03-18T11:24:27.817Z] [runtime-status] [864] Resolved module firebase-functions {"declared":true,"installed":true,"version":"3.19.0","resolution":"C:\\Users\\fagne\\Documents\\fireBaseWithTs\\functions\\node_modules\\firebase-functions\\lib\\index.js"}
[debug] [2022-03-18T11:24:27.820Z] [runtime-status] [864] Resolved module firebase-functions {"declared":true,"installed":true,"version":"3.19.0","resolution":"C:\\Users\\fagne\\Documents\\fireBaseWithTs\\functions\\node_modules\\firebase-functions\\lib\\index.js"}
[debug] [2022-03-18T11:24:28.555Z] [worker-~diagnostic~-a3ff7196-1c8a-46be-86e5-f4f4b045b75a]: IDLE
[debug] [2022-03-18T11:32:03.929Z] [work-queue] {"queueLength":1,"workRunningCount":0}
[debug] [2022-03-18T11:32:03.930Z] [work-queue] {"queueLength":0,"workRunningCount":1}
[debug] [2022-03-18T11:32:03.930Z] Accepted request POST /advance-genre-288911/us-central1/firstApiWithFirebase --> firstApiWithFirebase
[debug] [2022-03-18T11:32:03.931Z] [worker-pool] Cleaned up workers for ~diagnostic~: 2 --> 1
[debug] [2022-03-18T11:32:03.931Z] [worker-pool] Cleaned up workers for firstApiWithFirebase: 1 --> 0
[debug] [2022-03-18T11:32:03.951Z] [worker-pool] addWorker(firstApiWithFirebase)
[debug] [2022-03-18T11:32:03.951Z] [worker-pool] Adding worker with key firstApiWithFirebase, total=1
[debug] [2022-03-18T11:32:03.952Z] [worker-pool] submitWork(triggerId=firstApiWithFirebase)
[debug] [2022-03-18T11:32:03.953Z] [worker-firstApiWithFirebase-a719d43c-8848-4b8f-8b0f-4018d290dfc1]: Assigning socketPath: \\?\pipe\C:\Users\fagne\Documents\fireBaseWithTs\functions\18240
[debug] [2022-03-18T11:32:03.954Z] [worker-firstApiWithFirebase-a719d43c-8848-4b8f-8b0f-4018d290dfc1]: BUSY
[debug] [2022-03-18T11:32:05.110Z] [runtime-status] [18240] Functions runtime initialized. {"cwd":"C:\\Users\\fagne\\Documents\\fireBaseWithTs\\functions","node_version":"16.14.0"}
[info] >  (node:18240) Warning: Accessing non-existent property 'padLevels' of module exports inside circular dependency
[info] >  (Use `node --trace-warnings ...` to show where the warning was created)
[debug] [2022-03-18T11:32:05.120Z] [runtime-status] [18240] Disabled runtime features: {"functions_config_helper":true,"network_filtering":true,"timeout":true,"memory_limiting":true,"admin_stubs":true,"pubsub_emulator":true}
[debug] [2022-03-18T11:32:05.130Z] [runtime-status] [18240] Resolved module firebase-admin {"declared":true,"installed":true,"version":"8.13.0","resolution":"C:\\Users\\fagne\\Documents\\fireBaseWithTs\\functions\\node_modules\\firebase-admin\\lib\\index.js"}
[debug] [2022-03-18T11:32:05.145Z] [runtime-status] [18240] Resolved module firebase-functions {"declared":true,"installed":true,"version":"3.19.0","resolution":"C:\\Users\\fagne\\Documents\\fireBaseWithTs\\functions\\node_modules\\firebase-functions\\lib\\index.js"}
[debug] [2022-03-18T11:32:05.153Z] [runtime-status] [18240] Resolved module firebase-functions {"declared":true,"installed":true,"version":"3.19.0","resolution":"C:\\Users\\fagne\\Documents\\fireBaseWithTs\\functions\\node_modules\\firebase-functions\\lib\\index.js"}
[debug] [2022-03-18T11:32:06.553Z] [runtime-status] [18240] Trigger "firstApiWithFirebase" has been found, beginning invocation!
[info] i  functions: Beginning execution of "firstApiWithFirebase"
[debug] [2022-03-18T11:32:06.556Z] [runtime-status] [18240] triggerDefinition {"httpsTrigger":{},"name":"firstApiWithFirebase","entryPoint":"firstApiWithFirebase"}
[debug] [2022-03-18T11:32:06.557Z] [runtime-status] [18240] Running firstApiWithFirebase in mode HTTPS
[debug] [2022-03-18T11:32:06.575Z] [runtime-status] [18240] Attempting to listen to socketPath: \\?\pipe\C:\Users\fagne\Documents\fireBaseWithTs\functions\18240
[debug] [2022-03-18T11:32:06.581Z] [functions] Runtime ready! Sending request!
[debug] [2022-03-18T11:32:06.633Z] [runtime-status] [18240] Ephemeral server handling POST request
[debug] [2022-03-18T11:32:06.642Z] [runtime-status] [18240] Ephemeral server survived.
[info] i  functions: Finished "firstApiWithFirebase" in ~1s
[debug] [2022-03-18T11:32:06.661Z] [worker-firstApiWithFirebase-a719d43c-8848-4b8f-8b0f-4018d290dfc1]: IDLE
[debug] [2022-03-18T11:32:06.662Z] [work-queue] {"queueLength":0,"workRunningCount":0}
[debug] [2022-03-18T11:32:21.838Z] File C:\Users\fagne\Documents\fireBaseWithTs\functions\src\database.ts changed, reloading triggers
[debug] [2022-03-18T11:32:22.847Z] [worker-pool] Shutting down IDLE worker (~diagnostic~)
[debug] [2022-03-18T11:32:22.847Z] [worker-~diagnostic~-a3ff7196-1c8a-46be-86e5-f4f4b045b75a]: FINISHING
[debug] [2022-03-18T11:32:22.848Z] [worker-pool] Shutting down IDLE worker (firstApiWithFirebase)
[debug] [2022-03-18T11:32:22.848Z] [worker-firstApiWithFirebase-a719d43c-8848-4b8f-8b0f-4018d290dfc1]: FINISHING
[debug] [2022-03-18T11:32:22.883Z] [worker-pool] addWorker(~diagnostic~)
[debug] [2022-03-18T11:32:22.883Z] [worker-pool] Adding worker with key ~diagnostic~, total=2
[debug] [2022-03-18T11:32:22.884Z] [worker-pool] submitWork(triggerId=)
[debug] [2022-03-18T11:32:22.885Z] [worker-~diagnostic~-f4eb4698-1067-4740-be7e-c0f1e0a135f1]: Assigning socketPath: \\?\pipe\C:\Users\fagne\Documents\fireBaseWithTs\functions\17136
[debug] [2022-03-18T11:32:22.885Z] [worker-~diagnostic~-f4eb4698-1067-4740-be7e-c0f1e0a135f1]: BUSY
[debug] [2022-03-18T11:32:22.887Z] [worker-~diagnostic~-a3ff7196-1c8a-46be-86e5-f4f4b045b75a]: exited
[debug] [2022-03-18T11:32:22.887Z] [worker-~diagnostic~-a3ff7196-1c8a-46be-86e5-f4f4b045b75a]: FINISHED
[debug] [2022-03-18T11:32:22.888Z] [worker-firstApiWithFirebase-a719d43c-8848-4b8f-8b0f-4018d290dfc1]: exited
[debug] [2022-03-18T11:32:22.888Z] [worker-firstApiWithFirebase-a719d43c-8848-4b8f-8b0f-4018d290dfc1]: FINISHED
[debug] [2022-03-18T11:32:23.786Z] [runtime-status] [17136] Functions runtime initialized. {"cwd":"C:\\Users\\fagne\\Documents\\fireBaseWithTs\\functions","node_version":"16.14.0"}
[info] >  (node:17136) Warning: Accessing non-existent property 'padLevels' of module exports inside circular dependency
[info] >  (Use `node --trace-warnings ...` to show where the warning was created)
[debug] [2022-03-18T11:32:23.797Z] [runtime-status] [17136] Disabled runtime features: {"functions_config_helper":true,"network_filtering":true,"timeout":true,"memory_limiting":true,"admin_stubs":true,"pubsub_emulator":true}
[debug] [2022-03-18T11:32:23.808Z] [runtime-status] [17136] Resolved module firebase-admin {"declared":true,"installed":true,"version":"8.13.0","resolution":"C:\\Users\\fagne\\Documents\\fireBaseWithTs\\functions\\node_modules\\firebase-admin\\lib\\index.js"}
[debug] [2022-03-18T11:32:23.826Z] [runtime-status] [17136] Resolved module firebase-functions {"declared":true,"installed":true,"version":"3.19.0","resolution":"C:\\Users\\fagne\\Documents\\fireBaseWithTs\\functions\\node_modules\\firebase-functions\\lib\\index.js"}
[debug] [2022-03-18T11:32:23.833Z] [runtime-status] [17136] Resolved module firebase-functions {"declared":true,"installed":true,"version":"3.19.0","resolution":"C:\\Users\\fagne\\Documents\\fireBaseWithTs\\functions\\node_modules\\firebase-functions\\lib\\index.js"}
[debug] [2022-03-18T11:32:24.900Z] [worker-~diagnostic~-f4eb4698-1067-4740-be7e-c0f1e0a135f1]: IDLE
[debug] [2022-03-18T11:34:54.648Z] File C:\Users\fagne\Documents\fireBaseWithTs\functions\src\User.ts changed, reloading triggers
[debug] [2022-03-18T11:34:55.655Z] [worker-pool] Shutting down IDLE worker (~diagnostic~)
[debug] [2022-03-18T11:34:55.655Z] [worker-~diagnostic~-f4eb4698-1067-4740-be7e-c0f1e0a135f1]: FINISHING
[debug] [2022-03-18T11:34:55.656Z] [worker-pool] Cleaned up workers for ~diagnostic~: 2 --> 1
[debug] [2022-03-18T11:34:55.656Z] [worker-pool] Cleaned up workers for firstApiWithFirebase: 1 --> 0
[debug] [2022-03-18T11:34:55.691Z] [worker-pool] addWorker(~diagnostic~)
[debug] [2022-03-18T11:34:55.692Z] [worker-pool] Adding worker with key ~diagnostic~, total=2
[debug] [2022-03-18T11:34:55.692Z] [worker-pool] submitWork(triggerId=)
[debug] [2022-03-18T11:34:55.692Z] [worker-~diagnostic~-2161eb96-5f9a-4db7-b1a6-f3a28640b7a8]: Assigning socketPath: \\?\pipe\C:\Users\fagne\Documents\fireBaseWithTs\functions\14636
[debug] [2022-03-18T11:34:55.692Z] [worker-~diagnostic~-2161eb96-5f9a-4db7-b1a6-f3a28640b7a8]: BUSY
[debug] [2022-03-18T11:34:55.696Z] [worker-~diagnostic~-f4eb4698-1067-4740-be7e-c0f1e0a135f1]: exited
[debug] [2022-03-18T11:34:55.697Z] [worker-~diagnostic~-f4eb4698-1067-4740-be7e-c0f1e0a135f1]: FINISHED
[debug] [2022-03-18T11:34:56.510Z] [runtime-status] [14636] Functions runtime initialized. {"cwd":"C:\\Users\\fagne\\Documents\\fireBaseWithTs\\functions","node_version":"16.14.0"}
[info] >  (node:14636) Warning: Accessing non-existent property 'padLevels' of module exports inside circular dependency
[info] >  (Use `node --trace-warnings ...` to show where the warning was created)
[debug] [2022-03-18T11:34:56.515Z] [runtime-status] [14636] Disabled runtime features: {"functions_config_helper":true,"network_filtering":true,"timeout":true,"memory_limiting":true,"admin_stubs":true,"pubsub_emulator":true}
[debug] [2022-03-18T11:34:56.520Z] [runtime-status] [14636] Resolved module firebase-admin {"declared":true,"installed":true,"version":"8.13.0","resolution":"C:\\Users\\fagne\\Documents\\fireBaseWithTs\\functions\\node_modules\\firebase-admin\\lib\\index.js"}
[debug] [2022-03-18T11:34:56.531Z] [runtime-status] [14636] Resolved module firebase-functions {"declared":true,"installed":true,"version":"3.19.0","resolution":"C:\\Users\\fagne\\Documents\\fireBaseWithTs\\functions\\node_modules\\firebase-functions\\lib\\index.js"}
[debug] [2022-03-18T11:34:56.535Z] [runtime-status] [14636] Resolved module firebase-functions {"declared":true,"installed":true,"version":"3.19.0","resolution":"C:\\Users\\fagne\\Documents\\fireBaseWithTs\\functions\\node_modules\\firebase-functions\\lib\\index.js"}
[debug] [2022-03-18T11:34:56.562Z] File C:\Users\fagne\Documents\fireBaseWithTs\functions\src\User.ts changed, reloading triggers
[debug] [2022-03-18T11:34:57.567Z] [worker-pool] Marking BUSY worker to finish (~diagnostic~)
[debug] [2022-03-18T11:34:57.567Z] [worker-~diagnostic~-2161eb96-5f9a-4db7-b1a6-f3a28640b7a8]: FINISHING
[debug] [2022-03-18T11:34:57.568Z] [worker-pool] Cleaned up workers for ~diagnostic~: 2 --> 1
[debug] [2022-03-18T11:34:57.579Z] [worker-pool] addWorker(~diagnostic~)
[debug] [2022-03-18T11:34:57.579Z] [worker-pool] Adding worker with key ~diagnostic~, total=2
[debug] [2022-03-18T11:34:57.579Z] [worker-pool] submitWork(triggerId=)
[debug] [2022-03-18T11:34:57.580Z] [worker-~diagnostic~-5031a593-92da-483f-89bc-07be240c8373]: Assigning socketPath: \\?\pipe\C:\Users\fagne\Documents\fireBaseWithTs\functions\5128
[debug] [2022-03-18T11:34:57.581Z] [worker-~diagnostic~-5031a593-92da-483f-89bc-07be240c8373]: BUSY
[debug] [2022-03-18T11:34:57.775Z] [worker-~diagnostic~-2161eb96-5f9a-4db7-b1a6-f3a28640b7a8]: IDLE --> FINISHING
[debug] [2022-03-18T11:34:57.804Z] [worker-~diagnostic~-2161eb96-5f9a-4db7-b1a6-f3a28640b7a8]: exited
[debug] [2022-03-18T11:34:57.804Z] [worker-~diagnostic~-2161eb96-5f9a-4db7-b1a6-f3a28640b7a8]: FINISHED
[debug] [2022-03-18T11:34:58.494Z] [runtime-status] [5128] Functions runtime initialized. {"cwd":"C:\\Users\\fagne\\Documents\\fireBaseWithTs\\functions","node_version":"16.14.0"}
[info] >  (node:5128) Warning: Accessing non-existent property 'padLevels' of module exports inside circular dependency
[info] >  (Use `node --trace-warnings ...` to show where the warning was created)
[debug] [2022-03-18T11:34:58.503Z] [runtime-status] [5128] Disabled runtime features: {"functions_config_helper":true,"network_filtering":true,"timeout":true,"memory_limiting":true,"admin_stubs":true,"pubsub_emulator":true}
[debug] [2022-03-18T11:34:58.510Z] [runtime-status] [5128] Resolved module firebase-admin {"declared":true,"installed":true,"version":"8.13.0","resolution":"C:\\Users\\fagne\\Documents\\fireBaseWithTs\\functions\\node_modules\\firebase-admin\\lib\\index.js"}
[debug] [2022-03-18T11:34:58.521Z] [runtime-status] [5128] Resolved module firebase-functions {"declared":true,"installed":true,"version":"3.19.0","resolution":"C:\\Users\\fagne\\Documents\\fireBaseWithTs\\functions\\node_modules\\firebase-functions\\lib\\index.js"}
[debug] [2022-03-18T11:34:58.529Z] [runtime-status] [5128] Resolved module firebase-functions {"declared":true,"installed":true,"version":"3.19.0","resolution":"C:\\Users\\fagne\\Documents\\fireBaseWithTs\\functions\\node_modules\\firebase-functions\\lib\\index.js"}
[debug] [2022-03-18T11:34:59.473Z] [worker-~diagnostic~-5031a593-92da-483f-89bc-07be240c8373]: IDLE
[debug] [2022-03-18T11:40:01.692Z] [work-queue] {"queueLength":1,"workRunningCount":0}
[debug] [2022-03-18T11:40:01.693Z] [work-queue] {"queueLength":0,"workRunningCount":1}
[debug] [2022-03-18T11:40:01.693Z] Accepted request POST /advance-genre-288911/us-central1/firstApiWithFirebase --> firstApiWithFirebase
[debug] [2022-03-18T11:40:01.694Z] [worker-pool] Cleaned up workers for ~diagnostic~: 2 --> 1
[debug] [2022-03-18T11:40:01.715Z] [worker-pool] addWorker(firstApiWithFirebase)
[debug] [2022-03-18T11:40:01.715Z] [worker-pool] Adding worker with key firstApiWithFirebase, total=1
[debug] [2022-03-18T11:40:01.716Z] [worker-pool] submitWork(triggerId=firstApiWithFirebase)
[debug] [2022-03-18T11:40:01.740Z] [worker-firstApiWithFirebase-1253ab38-c28a-48ed-ad81-a3388f3857bb]: Assigning socketPath: \\?\pipe\C:\Users\fagne\Documents\fireBaseWithTs\functions\18764
[debug] [2022-03-18T11:40:01.741Z] [worker-firstApiWithFirebase-1253ab38-c28a-48ed-ad81-a3388f3857bb]: BUSY
[debug] [2022-03-18T11:40:02.951Z] [runtime-status] [18764] Functions runtime initialized. {"cwd":"C:\\Users\\fagne\\Documents\\fireBaseWithTs\\functions","node_version":"16.14.0"}
[info] >  (node:18764) Warning: Accessing non-existent property 'padLevels' of module exports inside circular dependency
[info] >  (Use `node --trace-warnings ...` to show where the warning was created)
[debug] [2022-03-18T11:40:02.959Z] [runtime-status] [18764] Disabled runtime features: {"functions_config_helper":true,"network_filtering":true,"timeout":true,"memory_limiting":true,"admin_stubs":true,"pubsub_emulator":true}
[debug] [2022-03-18T11:40:02.967Z] [runtime-status] [18764] Resolved module firebase-admin {"declared":true,"installed":true,"version":"8.13.0","resolution":"C:\\Users\\fagne\\Documents\\fireBaseWithTs\\functions\\node_modules\\firebase-admin\\lib\\index.js"}
[debug] [2022-03-18T11:40:02.983Z] [runtime-status] [18764] Resolved module firebase-functions {"declared":true,"installed":true,"version":"3.19.0","resolution":"C:\\Users\\fagne\\Documents\\fireBaseWithTs\\functions\\node_modules\\firebase-functions\\lib\\index.js"}
[debug] [2022-03-18T11:40:02.988Z] [runtime-status] [18764] Resolved module firebase-functions {"declared":true,"installed":true,"version":"3.19.0","resolution":"C:\\Users\\fagne\\Documents\\fireBaseWithTs\\functions\\node_modules\\firebase-functions\\lib\\index.js"}
[debug] [2022-03-18T11:40:04.356Z] [runtime-status] [18764] Trigger "firstApiWithFirebase" has been found, beginning invocation!
[info] i  functions: Beginning execution of "firstApiWithFirebase"
[debug] [2022-03-18T11:40:04.358Z] [runtime-status] [18764] triggerDefinition {"httpsTrigger":{},"name":"firstApiWithFirebase","entryPoint":"firstApiWithFirebase"}
[debug] [2022-03-18T11:40:04.358Z] [runtime-status] [18764] Running firstApiWithFirebase in mode HTTPS
[debug] [2022-03-18T11:40:04.368Z] [runtime-status] [18764] Attempting to listen to socketPath: \\?\pipe\C:\Users\fagne\Documents\fireBaseWithTs\functions\18764
[debug] [2022-03-18T11:40:04.375Z] [functions] Runtime ready! Sending request!
[debug] [2022-03-18T11:40:04.430Z] [runtime-status] [18764] Ephemeral server handling POST request
[debug] [2022-03-18T11:40:04.437Z] [runtime-status] [18764] Ephemeral server survived.
[info] i  functions: Finished "firstApiWithFirebase" in ~1s
[debug] [2022-03-18T11:40:04.463Z] [worker-firstApiWithFirebase-1253ab38-c28a-48ed-ad81-a3388f3857bb]: IDLE
[debug] [2022-03-18T11:40:04.464Z] [work-queue] {"queueLength":0,"workRunningCount":0}
[debug] [2022-03-18T11:44:05.006Z] [work-queue] {"queueLength":1,"workRunningCount":0}
[debug] [2022-03-18T11:44:05.007Z] [work-queue] {"queueLength":0,"workRunningCount":1}
[debug] [2022-03-18T11:44:05.007Z] Accepted request POST /advance-genre-288911/us-central1/firstApiWithFirebase --> firstApiWithFirebase
[debug] [2022-03-18T11:44:05.008Z] [worker-pool] submitWork(triggerId=firstApiWithFirebase)
[debug] [2022-03-18T11:44:05.008Z] [worker-firstApiWithFirebase-1253ab38-c28a-48ed-ad81-a3388f3857bb]: Assigning socketPath: \\?\pipe\C:\Users\fagne\Documents\fireBaseWithTs\functions\18764
[debug] [2022-03-18T11:44:05.008Z] [worker-firstApiWithFirebase-1253ab38-c28a-48ed-ad81-a3388f3857bb]: BUSY
[debug] [2022-03-18T11:44:05.011Z] [runtime-status] [18764] Trigger "firstApiWithFirebase" has been found, beginning invocation!
[info] i  functions: Beginning execution of "firstApiWithFirebase"
[debug] [2022-03-18T11:44:05.013Z] [runtime-status] [18764] triggerDefinition {"httpsTrigger":{},"name":"firstApiWithFirebase","entryPoint":"firstApiWithFirebase"}
[debug] [2022-03-18T11:44:05.014Z] [runtime-status] [18764] Running firstApiWithFirebase in mode HTTPS
[debug] [2022-03-18T11:44:05.020Z] [runtime-status] [18764] Attempting to listen to socketPath: \\?\pipe\C:\Users\fagne\Documents\fireBaseWithTs\functions\18764
[debug] [2022-03-18T11:44:05.025Z] [functions] Runtime ready! Sending request!
[debug] [2022-03-18T11:44:05.041Z] [runtime-status] [18764] Ephemeral server handling POST request
[debug] [2022-03-18T11:44:05.042Z] [runtime-status] [18764] Ephemeral server survived.
[info] i  functions: Finished "firstApiWithFirebase" in ~1s
[debug] [2022-03-18T11:44:05.050Z] [worker-firstApiWithFirebase-1253ab38-c28a-48ed-ad81-a3388f3857bb]: IDLE
[debug] [2022-03-18T11:44:05.051Z] [work-queue] {"queueLength":0,"workRunningCount":0}
